oracle@HKLPDPS2B001:/oradump/NGO [POHK1CCD1]
> echo $ORACLE_SID
POHK1CCD1
oracle@HKLPDPS2B001:/oradump/NGO [POHK1CCD1]
> echo $ORACLE_PDB_SID
PDBP_B2B
oracle@HKLPDPS2B001:/oradump/NGO [POHK1CCD1]
>
oracle@HKLPDPS2B001:/oradump/NGO [POHK1CCD1]
> expdp directory=DB_PUMP dumpfile=EXP_CC_B2B_NPC_MEG_%U.dmp LOGFILE=EXP_CC_B2B_NPC_MEG.log schemas=CC_B2B_NPC_MEG parallel=4

Export: Release 19.0.0.0.0 - Production on Sat Oct 8 15:52:11 2022
Version 19.14.0.0.0

Copyright (c) 1982, 2019, Oracle and/or its affiliates.  All rights reserved.

Username: / as sysdba

Connected to: Oracle Database 19c Enterprise Edition Release 19.0.0.0.0 - Production
Starting "SYS"."SYS_EXPORT_SCHEMA_01":  /******** AS SYSDBA directory=DB_PUMP dumpfile=EXP_CC_B2B_NPC_MEG_%U.dmp LOGFILE=EXP_CC_B2B_NPC_MEG.log schemas=CC_B2B_NPC_MEG parallel=4
Processing object type SCHEMA_EXPORT/PACKAGE/PACKAGE_BODY
Processing object type SCHEMA_EXPORT/TABLE/INDEX/STATISTICS/INDEX_STATISTICS
Processing object type SCHEMA_EXPORT/TABLE/STATISTICS/TABLE_STATISTICS
Processing object type SCHEMA_EXPORT/USER
Processing object type SCHEMA_EXPORT/ROLE_GRANT
Processing object type SCHEMA_EXPORT/DEFAULT_ROLE
Processing object type SCHEMA_EXPORT/TABLESPACE_QUOTA
Processing object type SCHEMA_EXPORT/TABLE/TABLE_DATA
Processing object type SCHEMA_EXPORT/PRE_SCHEMA/PROCACT_SCHEMA
Processing object type SCHEMA_EXPORT/SEQUENCE/SEQUENCE
Processing object type SCHEMA_EXPORT/STATISTICS/MARKER
Processing object type SCHEMA_EXPORT/TABLE/TABLE
Processing object type SCHEMA_EXPORT/PACKAGE/PACKAGE_SPEC
Processing object type SCHEMA_EXPORT/FUNCTION/FUNCTION
Processing object type SCHEMA_EXPORT/PROCEDURE/PROCEDURE
Processing object type SCHEMA_EXPORT/PACKAGE/COMPILE_PACKAGE/PACKAGE_SPEC/ALTER_PACKAGE_SPEC
Processing object type SCHEMA_EXPORT/PROCEDURE/ALTER_PROCEDURE
Processing object type SCHEMA_EXPORT/VIEW/VIEW
Processing object type SCHEMA_EXPORT/FUNCTION/ALTER_FUNCTION
Processing object type SCHEMA_EXPORT/TABLE/INDEX/INDEX
Processing object type SCHEMA_EXPORT/TABLE/CONSTRAINT/CONSTRAINT
. . exported "CC_B2B_NPC_MEG"."CUSTOMDATA"               330.7 MB 6110450 rows
. . exported "CC_B2B_NPC_MEG"."MESSAGESTATES"            515.2 MB 1967498 rows
. . exported "CC_B2B_NPC_MEG"."MESSAGEEVENTS"            56.14 MB  903018 rows
. . exported "CC_B2B_NPC_MEG"."MESSAGEADVANCEDSEARCHINFO"  15.47 MB 1016577 rows
. . exported "CC_B2B_NPC_MEG"."MESSAGEPURGELOG"          1.471 MB   17220 rows
. . exported "CC_B2B_NPC_MEG"."SESSIONHISTORY"           45.30 KB    1542 rows
. . exported "CC_B2B_NPC_MEG"."APPLICATIONPARAMETERS"    40.61 KB     638 rows
. . exported "CC_B2B_NPC_MEG"."EXCHANGEPOINTS"           32.17 KB      34 rows
. . exported "CC_B2B_NPC_MEG"."PROCESSINGSTEPPARAMETERSETS"  22.63 KB     102 rows
. . exported "CC_B2B_NPC_MEG"."ACTIONS"                  24.06 KB      57 rows
. . exported "CC_B2B_NPC_MEG"."DECISIONNODES"            21.40 KB     142 rows
. . exported "CC_B2B_NPC_MEG"."B2BIMAPCONTAINEROBJECTS"  20.85 KB     102 rows
. . exported "CC_B2B_NPC_MEG"."BUSINESSPROTOCOLS"        20.97 KB      83 rows
. . exported "CC_B2B_NPC_MEG"."CONSUMPTIONPROPERTIESMETADATA"      0 KB       0 rows
. . exported "CC_B2B_NPC_MEG"."CONSUMPTIONPROPERTIESNODES"      0 KB       0 rows
. . exported "CC_B2B_NPC_MEG"."COPYMESSAGEGLOBALMETADATA"      0 KB       0 rows
. . exported "CC_B2B_NPC_MEG"."MESSAGES"                 83.50 MB  290647 rows
. . exported "CC_B2B_NPC_MEG"."CPACERTIFICATES"              0 KB       0 rows
. . exported "CC_B2B_NPC_MEG"."CPACOMMENTREFS"               0 KB       0 rows
. . exported "CC_B2B_NPC_MEG"."CPACOMMENTS"                  0 KB       0 rows
. . exported "CC_B2B_NPC_MEG"."CPACOMPOSITECONSTITUENTS"      0 KB       0 rows
. . exported "CC_B2B_NPC_MEG"."CPACOMPOSITELISTS"            0 KB       0 rows
. . exported "CC_B2B_NPC_MEG"."CPACOMPOSITES"                0 KB       0 rows
. . exported "CC_B2B_NPC_MEG"."CPACONSTITUENTS"              0 KB       0 rows
. . exported "CC_B2B_NPC_MEG"."CPADIGITALENVELOPES"          0 KB       0 rows
. . exported "CC_B2B_NPC_MEG"."CPAENCAPSULATIONS"            0 KB       0 rows
. . exported "CC_B2B_NPC_MEG"."CPANONREPUDIATIONS"           0 KB       0 rows
. . exported "CC_B2B_NPC_MEG"."CPAPACKAGINGREFS"             0 KB       0 rows
. . exported "CC_B2B_NPC_MEG"."CPAPACKAGINGS"                0 KB       0 rows
. . exported "CC_B2B_NPC_MEG"."CPAPARTYINFOCERTIFICATES"      0 KB       0 rows
. . exported "CC_B2B_NPC_MEG"."CPAPARTYINFOCOLLABORATIONS"      0 KB       0 rows
. . exported "CC_B2B_NPC_MEG"."CPAPARTYINFODELIVERYCHANNELS"      0 KB       0 rows
. . exported "CC_B2B_NPC_MEG"."CPAPARTYINFODOCEXCHANGES"      0 KB       0 rows
. . exported "CC_B2B_NPC_MEG"."CPAPARTYINFOMSHOVERRIDES"      0 KB       0 rows
. . exported "CC_B2B_NPC_MEG"."CPAPARTYINFOPARTYREFS"        0 KB       0 rows
. . exported "CC_B2B_NPC_MEG"."CPAPARTYINFOROUTINGIDS"       0 KB       0 rows
. . exported "CC_B2B_NPC_MEG"."CPAPARTYINFOS"                0 KB       0 rows
. . exported "CC_B2B_NPC_MEG"."CPAPARTYINFOSECURITYDETAILS"      0 KB       0 rows
. . exported "CC_B2B_NPC_MEG"."CPAPARTYINFOTRANSPORTS"       0 KB       0 rows
. . exported "CC_B2B_NPC_MEG"."CPAPARTYREFS"                 0 KB       0 rows
. . exported "CC_B2B_NPC_MEG"."CPAS"                         0 KB       0 rows
. . exported "CC_B2B_NPC_MEG"."CPASIMPLEPARTREFS"            0 KB       0 rows
. . exported "CC_B2B_NPC_MEG"."CPASIMPLEPARTS"               0 KB       0 rows
. . exported "CC_B2B_NPC_MEG"."CPATEMPLATEFILES"             0 KB       0 rows
. . exported "CC_B2B_NPC_MEG"."CPATRANSPORTACTIONS"          0 KB       0 rows
. . exported "CC_B2B_NPC_MEG"."CPATRANSPORTS"                0 KB       0 rows
. . exported "CC_B2B_NPC_MEG"."CPATRANSPORTSECURITY"         0 KB       0 rows
. . exported "CC_B2B_NPC_MEG"."CPYMSGACTIONPERCPYMETADATA"      0 KB       0 rows
. . exported "CC_B2B_NPC_MEG"."CRLS"                         0 KB       0 rows
. . exported "CC_B2B_NPC_MEG"."CRLUPDATESCHEDULES"           0 KB       0 rows
. . exported "CC_B2B_NPC_MEG"."CSOSORDEREDITHISTORY"         0 KB       0 rows
. . exported "CC_B2B_NPC_MEG"."CSOSORDERSOURCES"             0 KB       0 rows
. . exported "CC_B2B_NPC_MEG"."CSOSWORK"                     0 KB       0 rows
. . exported "CC_B2B_NPC_MEG"."CXMLMESSAGESECURITYCXMLUSERS"      0 KB       0 rows
. . exported "CC_B2B_NPC_MEG"."CXMLUSERS"                    0 KB       0 rows
. . exported "CC_B2B_NPC_MEG"."DELIVERYCHANNELS"             0 KB       0 rows
. . exported "CC_B2B_NPC_MEG"."DELIVERYCRITERIA"             0 KB       0 rows
. . exported "CC_B2B_NPC_MEG"."DIGENVENCRYPTIONALGS"         0 KB       0 rows
. . exported "CC_B2B_NPC_MEG"."DMZNODEDEFS"                  0 KB       0 rows
. . exported "CC_B2B_NPC_MEG"."DMZZONES"                     0 KB       0 rows
. . exported "CC_B2B_NPC_MEG"."DOCEXCHANGEBINDINGNSS"        0 KB       0 rows
. . exported "CC_B2B_NPC_MEG"."DOCEXCHANGEBINDINGS"          0 KB       0 rows
. . exported "CC_B2B_NPC_MEG"."DOCEXCHANGES"                 0 KB       0 rows
. . exported "CC_B2B_NPC_MEG"."DOCSERVICEOUTPUTSTEPSDOC"      0 KB       0 rows
. . exported "CC_B2B_NPC_MEG"."DOCSERVICEOUTPUTSTEPSPOSTENV"      0 KB       0 rows
. . exported "CC_B2B_NPC_MEG"."DOCTYPES2"                    0 KB       0 rows
. . exported "CC_B2B_NPC_MEG"."DOCUMENTAGREEMENTOUTPUTS"      0 KB       0 rows
. . exported "CC_B2B_NPC_MEG"."DOCUMENTAGREEMENTS"           0 KB       0 rows
. . exported "CC_B2B_NPC_MEG"."DOCUMENTPROFILEATTRIBUTES"      0 KB       0 rows
. . exported "CC_B2B_NPC_MEG"."DOCUMENTPROFILEOUTPUTS"       0 KB       0 rows
. . exported "CC_B2B_NPC_MEG"."DOCUMENTPROFILES"             0 KB       0 rows
. . exported "CC_B2B_NPC_MEG"."DOCUMENTSERVICESPARTNER"      0 KB       0 rows
. . exported "CC_B2B_NPC_MEG"."DSPOSTDETECTCOMPONENTS"       0 KB       0 rows
. . exported "CC_B2B_NPC_MEG"."DUPLICATEACTIONPARTYIDS"      0 KB       0 rows
. . exported "CC_B2B_NPC_MEG"."DYNAMICAPPLICATIONCONNECTIONS"      0 KB       0 rows
. . exported "CC_B2B_NPC_MEG"."EBICSORDERNUMBER"             0 KB       0 rows
. . exported "CC_B2B_NPC_MEG"."EBICSORDERSTYPES"             0 KB       0 rows
. . exported "CC_B2B_NPC_MEG"."EBICSORDERTYPEPARAMETERS"      0 KB       0 rows
. . exported "CC_B2B_NPC_MEG"."EBICSPOLLINGEXCHANGEPOINTS"      0 KB       0 rows
. . exported "CC_B2B_NPC_MEG"."EBICSREFERENCES"              0 KB       0 rows
. . exported "CC_B2B_NPC_MEG"."EBICSSUBSCRIPTIONS"           0 KB       0 rows
. . exported "CC_B2B_NPC_MEG"."EBICSUSER"                    0 KB       0 rows
. . exported "CC_B2B_NPC_MEG"."EBXMLMESSAGESECURITY"         0 KB       0 rows
. . exported "CC_B2B_NPC_MEG"."EBXMLRECEIVERBINDINGS"        0 KB       0 rows
. . exported "CC_B2B_NPC_MEG"."EBXMLRELIABLEMESSAGING"       0 KB       0 rows
. . exported "CC_B2B_NPC_MEG"."EBXMLSENDERBINDINGS"          0 KB       0 rows
. . exported "CC_B2B_NPC_MEG"."EDIFACTAGREEMENT"             0 KB       0 rows
. . exported "CC_B2B_NPC_MEG"."EDIFACTDOCUMENTAGREEMENTS"      0 KB       0 rows
. . exported "CC_B2B_NPC_MEG"."EDIFACTGROUPINGAGREEMENTS"      0 KB       0 rows
. . exported "CC_B2B_NPC_MEG"."EDIINTCEMDOCUMENTS"           0 KB       0 rows
. . exported "CC_B2B_NPC_MEG"."EDIINTCEMREQUESTS"            0 KB       0 rows
. . exported "CC_B2B_NPC_MEG"."EDIINTCEMRESPONSES"           0 KB       0 rows
. . exported "CC_B2B_NPC_MEG"."EDIINTCEMTRUSTELEMENTS"       0 KB       0 rows
. . exported "CC_B2B_NPC_MEG"."EDIINTCEMTRUSTREQUESTDOCS"      0 KB       0 rows
. . exported "CC_B2B_NPC_MEG"."EDIINTCEMTRUSTREQUESTS"       0 KB       0 rows
. . exported "CC_B2B_NPC_MEG"."EDIINTCEMTRUSTRESPONSEDOCS"      0 KB       0 rows
. . exported "CC_B2B_NPC_MEG"."EDIINTCEMTRUSTRESPONSELISTS"      0 KB       0 rows
. . exported "CC_B2B_NPC_MEG"."EDIINTCEMTRUSTRESPONSES"      0 KB       0 rows
. . exported "CC_B2B_NPC_MEG"."EDIINTMSEMAILUSERS"           0 KB       0 rows
. . exported "CC_B2B_NPC_MEG"."PROCESSINGSTEPARGUMENTS"  19.77 KB      89 rows
. . exported "CC_B2B_NPC_MEG"."EMAILMESSAGESECURITYEMAILUSERS"      0 KB       0 rows
. . exported "CC_B2B_NPC_MEG"."EMAILUSERS"                   0 KB       0 rows
. . exported "CC_B2B_NPC_MEG"."ENDPOINTS"                    0 KB       0 rows
. . exported "CC_B2B_NPC_MEG"."ERRORPROCESSOR"               0 KB       0 rows
. . exported "CC_B2B_NPC_MEG"."EVENTS"                       0 KB       0 rows
. . exported "CC_B2B_NPC_MEG"."EXCHANGEPOINTSCHEDULE"        0 KB       0 rows
. . exported "CC_B2B_NPC_MEG"."SELECTIONCRITERIA"        19.38 KB     106 rows
. . exported "CC_B2B_NPC_MEG"."ALERTSPERSISTEDALERTS"    18.90 KB     175 rows
. . exported "CC_B2B_NPC_MEG"."BACKUPFILEPURGE"              0 KB       0 rows
. . exported "CC_B2B_NPC_MEG"."CERTS"                    16.38 KB       4 rows
. . exported "CC_B2B_NPC_MEG"."MESSAGESECURITY"          16.79 KB      77 rows
. . exported "CC_B2B_NPC_MEG"."PARTIES"                  15.78 KB       2 rows
. . exported "CC_B2B_NPC_MEG"."PROXIEDKEYVALUES"         13.55 KB      45 rows
. . exported "CC_B2B_NPC_MEG"."TE2TXINTEGRATIONFILTERS"  13.20 KB       1 rows
. . exported "CC_B2B_NPC_MEG"."DOCUMENTSERVICEOUTPUTS"   12.58 KB      22 rows
. . exported "CC_B2B_NPC_MEG"."ALERTSTEXTFORMATTERS"     11.53 KB       8 rows
. . exported "CC_B2B_NPC_MEG"."METADATAPROFILEOUTPUTS"   12.75 KB      22 rows
. . exported "CC_B2B_NPC_MEG"."B2BIMAPCONTAINERS"        11.71 KB       8 rows
. . exported "CC_B2B_NPC_MEG"."CROSSWORKSCONFIGURATION"  12.13 KB       1 rows
. . exported "CC_B2B_NPC_MEG"."EXCHANGEPOINTUSERS"           0 KB       0 rows
. . exported "CC_B2B_NPC_MEG"."EXTENDEDEVENTCONTENTS"        0 KB       0 rows
. . exported "CC_B2B_NPC_MEG"."EXTENDEDEVENTSUBCONTENTS"      0 KB       0 rows
. . exported "CC_B2B_NPC_MEG"."FAILOVERABLEJOBS"             0 KB       0 rows
. . exported "CC_B2B_NPC_MEG"."FILESYSTEMAPPEXTENSIONS"      0 KB       0 rows
. . exported "CC_B2B_NPC_MEG"."FILESYSTEMEXCHANGEPOINTS"      0 KB       0 rows
. . exported "CC_B2B_NPC_MEG"."FILESYSTEMMETADATAHIERARCHY"      0 KB       0 rows
. . exported "CC_B2B_NPC_MEG"."JMSEXCHANGEPOINTS"        11.73 KB       2 rows
. . exported "CC_B2B_NPC_MEG"."FILTEREXPRESSIONS"            0 KB       0 rows
. . exported "CC_B2B_NPC_MEG"."FIREWALLNAVIGATION"           0 KB       0 rows
. . exported "CC_B2B_NPC_MEG"."DOCUMENTSERVICES"         11.17 KB      13 rows
. . exported "CC_B2B_NPC_MEG"."DYNAMICAPPLICATIONEXTENSIONS"  10.97 KB      31 rows
. . exported "CC_B2B_NPC_MEG"."SERVERSETTINGS"           11.63 KB       3 rows
. . exported "CC_B2B_NPC_MEG"."SENTINELCONFIG"           11.76 KB       1 rows
. . exported "CC_B2B_NPC_MEG"."WEBSERVICES"              11.11 KB       1 rows
. . exported "CC_B2B_NPC_MEG"."CNHTTPSERVERSETTINGS"     11.05 KB       4 rows
. . exported "CC_B2B_NPC_MEG"."PASSWORDS"                10.07 KB       8 rows
. . exported "CC_B2B_NPC_MEG"."WEBSERVICESMESSAGESECURITY"  10.85 KB       3 rows
. . exported "CC_B2B_NPC_MEG"."AS4"                      10.87 KB       2 rows
. . exported "CC_B2B_NPC_MEG"."PASSWORDPOLICIES"         10.82 KB       1 rows
. . exported "CC_B2B_NPC_MEG"."JMSQUEUEUTILSETTINGS"     10.03 KB      73 rows
. . exported "CC_B2B_NPC_MEG"."PROCESSINGSTEPS"          9.890 KB      12 rows
. . exported "CC_B2B_NPC_MEG"."PREFERENCES2"             27.99 KB      22 rows
. . exported "CC_B2B_NPC_MEG"."ALERTSEVENTSOURCEFILTERS"  9.351 KB       8 rows
. . exported "CC_B2B_NPC_MEG"."SSO_USERS"                9.546 KB       6 rows
. . exported "CC_B2B_NPC_MEG"."CONSUMPTIONPROPERTIES"    9.406 KB      21 rows
. . exported "CC_B2B_NPC_MEG"."CSOSARCHIVECONFIG"        9.273 KB       1 rows
. . exported "CC_B2B_NPC_MEG"."OFTPSCXTSLCONFIGURATION"  9.257 KB       1 rows
. . exported "CC_B2B_NPC_MEG"."METADATAPROFILERULES"     8.859 KB      13 rows
. . exported "CC_B2B_NPC_MEG"."FAILEDSESSIONHISTORY"     8.914 KB      15 rows
. . exported "CC_B2B_NPC_MEG"."POLICIES"                 8.828 KB      10 rows
. . exported "CC_B2B_NPC_MEG"."SYSTEMPROPERTIES"         8.523 KB      43 rows
. . exported "CC_B2B_NPC_MEG"."MESSAGEPURGECONFIG"       8.804 KB       1 rows
. . exported "CC_B2B_NPC_MEG"."TE2TXCONFIG"              8.921 KB       1 rows
. . exported "CC_B2B_NPC_MEG"."PSES"                     8.484 KB      10 rows
. . exported "CC_B2B_NPC_MEG"."METADATAPROFILES"         8.664 KB      13 rows
. . exported "CC_B2B_NPC_MEG"."CLUSTERMEMBERSHIP"        8.265 KB       1 rows
. . exported "CC_B2B_NPC_MEG"."OFTPSCXTSPSERVICECERTS"       0 KB       0 rows
. . exported "CC_B2B_NPC_MEG"."OFTPSCXTSPSERVICES"           0 KB       0 rows
. . exported "CC_B2B_NPC_MEG"."OFTPSERVEREXCHANGEPOINTS"      0 KB       0 rows
. . exported "CC_B2B_NPC_MEG"."OFTPSERVERSETTINGS"           0 KB       0 rows
. . exported "CC_B2B_NPC_MEG"."OFTPSHAREDEXCHANGEPOINTS"      0 KB       0 rows
. . exported "CC_B2B_NPC_MEG"."OFTPTLSEXCHANGEPOINTS"        0 KB       0 rows
. . exported "CC_B2B_NPC_MEG"."OFTPTLSSERVERSETTINGS"        0 KB       0 rows
. . exported "CC_B2B_NPC_MEG"."OICATTRIBUTEDEFINITIONS"      0 KB       0 rows
. . exported "CC_B2B_NPC_MEG"."OICROLEMAPPINGS"              0 KB       0 rows
. . exported "CC_B2B_NPC_MEG"."INSTALLEDCOMPONENTS"      8.421 KB      18 rows
. . exported "CC_B2B_NPC_MEG"."OICSSOCONFIGURATION"          0 KB       0 rows
. . exported "CC_B2B_NPC_MEG"."OICSSOTOKENSMAPPING"          0 KB       0 rows
. . exported "CC_B2B_NPC_MEG"."OUTBOUNDSEQUENCE"             0 KB       0 rows
. . exported "CC_B2B_NPC_MEG"."PACKAGINGCOMPLISTS"           0 KB       0 rows
. . exported "CC_B2B_NPC_MEG"."PARTIALFORWARDINGRULES"       0 KB       0 rows
. . exported "CC_B2B_NPC_MEG"."PARTYCATEGORIES"              0 KB       0 rows
. . exported "CC_B2B_NPC_MEG"."PARTYCERTIFICATEIDS"          0 KB       0 rows
. . exported "CC_B2B_NPC_MEG"."PARTYPGPCERTIFICATEIDS"       0 KB       0 rows
. . exported "CC_B2B_NPC_MEG"."PARTYPUBLICBUSINESSPROTOCOLS"      0 KB       0 rows
. . exported "CC_B2B_NPC_MEG"."PARTYPUBLICKEYIDS"            0 KB       0 rows
. . exported "CC_B2B_NPC_MEG"."PEERPARTNERACTIVITY"          0 KB       0 rows
. . exported "CC_B2B_NPC_MEG"."CONFIGITEMS"              8.242 KB      42 rows
. . exported "CC_B2B_NPC_MEG"."PEERPINGBROADCAST"            0 KB       0 rows
. . exported "CC_B2B_NPC_MEG"."PERSISTENTEVENTS"             0 KB       0 rows
. . exported "CC_B2B_NPC_MEG"."PESITEXCHANGEPOINTS"          0 KB       0 rows
. . exported "CC_B2B_NPC_MEG"."PESITIDENTIFICATIONSETTINGS"      0 KB       0 rows
. . exported "CC_B2B_NPC_MEG"."PESITPOLLINGEXCHANGEPOINTS"      0 KB       0 rows
. . exported "CC_B2B_NPC_MEG"."PESITSERVEREXCHANGEACKPAIRS"      0 KB       0 rows
. . exported "CC_B2B_NPC_MEG"."PESITSERVEREXCHANGEPOINTS"      0 KB       0 rows
. . exported "CC_B2B_NPC_MEG"."PESITSERVERSETTINGS"          0 KB       0 rows
. . exported "CC_B2B_NPC_MEG"."PESITTLSEXCHANGEPOINTS"       0 KB       0 rows
. . exported "CC_B2B_NPC_MEG"."LOCALPARTIES"             8.296 KB       1 rows
. . exported "CC_B2B_NPC_MEG"."PESITTLSPOLLINGEXCHANGEPOINTS"      0 KB       0 rows
. . exported "CC_B2B_NPC_MEG"."PESITTLSSERVERSETTINGS"       0 KB       0 rows
. . exported "CC_B2B_NPC_MEG"."PGPCERTS"                     0 KB       0 rows
. . exported "CC_B2B_NPC_MEG"."PGPMESSAGESECURITYEMAILUSERS"      0 KB       0 rows
. . exported "CC_B2B_NPC_MEG"."PGPPERSONALCERTS"             0 KB       0 rows
. . exported "CC_B2B_NPC_MEG"."PGPPUBLICKEYS"                0 KB       0 rows
. . exported "CC_B2B_NPC_MEG"."PGPTRUSTEDCERTS"              0 KB       0 rows
. . exported "CC_B2B_NPC_MEG"."PICKUPGROUPS"                 0 KB       0 rows
. . exported "CC_B2B_NPC_MEG"."PIPINSTANCES"                 0 KB       0 rows
. . exported "CC_B2B_NPC_MEG"."PLUGGABLEEXCHANGEPOINTS"      0 KB       0 rows
. . exported "CC_B2B_NPC_MEG"."MESSAGINGIDS"             8.382 KB       1 rows
. . exported "CC_B2B_NPC_MEG"."PLUGGABLEEXCHANGEPOINTSETTINGS"      0 KB       0 rows
. . exported "CC_B2B_NPC_MEG"."PLUGGABLESERVEREXCHANGEPOINTS"      0 KB       0 rows
. . exported "CC_B2B_NPC_MEG"."PLUGGABLESERVERSETTINGS"      0 KB       0 rows
. . exported "CC_B2B_NPC_MEG"."PLUGGABLESERVERSETTINGVALUES"      0 KB       0 rows
. . exported "CC_B2B_NPC_MEG"."POLLRESULTACTIVITY"           0 KB       0 rows
. . exported "CC_B2B_NPC_MEG"."POPEXCHANGEPOINTS"            0 KB       0 rows
. . exported "CC_B2B_NPC_MEG"."POPTLSEXCHANGEPOINTS"         0 KB       0 rows
. . exported "CC_B2B_NPC_MEG"."PREFERENCES"                  0 KB       0 rows
. . exported "CC_B2B_NPC_MEG"."PREVTARGETPORTMAPS"           0 KB       0 rows
. . exported "CC_B2B_NPC_MEG"."PRIVATEKEYCREDENTIALS"        0 KB       0 rows
. . exported "CC_B2B_NPC_MEG"."PRIVATEKEYENTRIES"            0 KB       0 rows
. . exported "CC_B2B_NPC_MEG"."CONTACTS"                 8.265 KB       2 rows
. . exported "CC_B2B_NPC_MEG"."PROCESSSPECIFICATIONS"        0 KB       0 rows
. . exported "CC_B2B_NPC_MEG"."PRODUCTIONINFO"               0 KB       0 rows
. . exported "CC_B2B_NPC_MEG"."PRODUCTIONQUEUE"              0 KB       0 rows
. . exported "CC_B2B_NPC_MEG"."PROPERTYFIELDITEMS"           0 KB       0 rows
. . exported "CC_B2B_NPC_MEG"."PROPERTYFIELDS"               0 KB       0 rows
. . exported "CC_B2B_NPC_MEG"."PROPERTYFIELDVALUEITEMS"      0 KB       0 rows
. . exported "CC_B2B_NPC_MEG"."PROPERTYFIELDVALUES"          0 KB       0 rows
. . exported "CC_B2B_NPC_MEG"."PUBLICKEYS"                   0 KB       0 rows
. . exported "CC_B2B_NPC_MEG"."AUTHENTICATEDSESSIONS"    8.398 KB       5 rows
. . exported "CC_B2B_NPC_MEG"."RELIABLEMESSAGINGJOBS"        0 KB       0 rows
. . exported "CC_B2B_NPC_MEG"."REMOTEBROKEREDPARTIES"        0 KB       0 rows
. . exported "CC_B2B_NPC_MEG"."REMOTEPEERPARTIES"            0 KB       0 rows
. . exported "CC_B2B_NPC_MEG"."RESENDINFOS"                  0 KB       0 rows
. . exported "CC_B2B_NPC_MEG"."RESOURCES"                    0 KB       0 rows
. . exported "CC_B2B_NPC_MEG"."EBICS"                    8.335 KB       2 rows
. . exported "CC_B2B_NPC_MEG"."ALERTSALERTDEFINITIONS"   8.218 KB       8 rows
. . exported "CC_B2B_NPC_MEG"."ALERTSABSTRACTALERTACTIONS"  8.078 KB      15 rows
. . exported "CC_B2B_NPC_MEG"."X509CERTIFICATECREDENTIALS"  8.046 KB      10 rows
. . exported "CC_B2B_NPC_MEG"."EDIINT"                   8.203 KB      16 rows
. . exported "CC_B2B_NPC_MEG"."PROCESSINGSTEPCOMPONENTS"  7.937 KB      12 rows
. . exported "CC_B2B_NPC_MEG"."DECISIONNODECHILDREN"     8.406 KB     140 rows
. . exported "CC_B2B_NPC_MEG"."CATEGORIES"               7.921 KB       1 rows
. . exported "CC_B2B_NPC_MEG"."DEFAULTEXCHANGEPOINTSETTINGS"  7.945 KB       1 rows
. . exported "CC_B2B_NPC_MEG"."MESSAGEDISTINCTINFO"      7.984 KB     103 rows
. . exported "CC_B2B_NPC_MEG"."EINVOICES"                7.828 KB       1 rows
. . exported "CC_B2B_NPC_MEG"."EXCHANGEPOINTSECURITY"    7.945 KB      22 rows
. . exported "CC_B2B_NPC_MEG"."GROUPS"                   7.539 KB       7 rows
. . exported "CC_B2B_NPC_MEG"."B2BIMAPCONTAINEROBJECTCHILDREN"  7.882 KB     110 rows
. . exported "CC_B2B_NPC_MEG"."METADATATEMPLATECONSUMPTION"  7.726 KB      38 rows
. . exported "CC_B2B_NPC_MEG"."PERSISTABLEMAPS"          7.429 KB      26 rows
. . exported "CC_B2B_NPC_MEG"."ROUTINGIDS"               7.414 KB       2 rows
. . exported "CC_B2B_NPC_MEG"."USERNAMEPASSWORDCREDENTIALS"  7.414 KB       1 rows
. . exported "CC_B2B_NPC_MEG"."DOCSERVICEOUTPUTPROCSTEPS"  7.414 KB      10 rows
. . exported "CC_B2B_NPC_MEG"."HTTPSERVERSETTINGS"       7.531 KB       1 rows
. . exported "CC_B2B_NPC_MEG"."RELIABLEMESSAGING"        7.234 KB       4 rows
. . exported "CC_B2B_NPC_MEG"."CREDENTIALS"              7.312 KB      14 rows
. . exported "CC_B2B_NPC_MEG"."ALERTSEVENTSOURCES"       7.210 KB       8 rows
. . exported "CC_B2B_NPC_MEG"."NODEDEFINITIONS"          6.937 KB       3 rows
. . exported "CC_B2B_NPC_MEG"."PASSWORDHISTORY"          7.156 KB       5 rows
. . exported "CC_B2B_NPC_MEG"."SSOSECURITYUSER"          6.984 KB       2 rows
. . exported "CC_B2B_NPC_MEG"."PERSONALCERTS"            7.078 KB       4 rows
. . exported "CC_B2B_NPC_MEG"."X400"                     6.992 KB       2 rows
. . exported "CC_B2B_NPC_MEG"."INTEGRATORINSTANCE"       6.921 KB       1 rows
. . exported "CC_B2B_NPC_MEG"."INSTALLEDBUILDS"          6.882 KB       1 rows
. . exported "CC_B2B_NPC_MEG"."PGP"                      6.937 KB       1 rows
. . exported "CC_B2B_NPC_MEG"."SMTPSERVERSETTINGS"       6.937 KB       1 rows
. . exported "CC_B2B_NPC_MEG"."PGPMESSAGESECURITY"       7.046 KB       1 rows
. . exported "CC_B2B_NPC_MEG"."ACTIONNODEPROCESSINGACTIONS"  6.984 KB      57 rows
. . exported "CC_B2B_NPC_MEG"."PROPERTYTEMPLATES"        6.734 KB       5 rows
. . exported "CC_B2B_NPC_MEG"."GROUPRESOURCES"           6.664 KB      32 rows
. . exported "CC_B2B_NPC_MEG"."ALERTSEXPRESSIONS"        6.640 KB       8 rows
. . exported "CC_B2B_NPC_MEG"."DSMAPPINGCOMPONENTS"      6.773 KB      39 rows
. . exported "CC_B2B_NPC_MEG"."ALERTSALERTFORMATTERS"    6.578 KB       8 rows
. . exported "CC_B2B_NPC_MEG"."ALERTSTRIGGERSOURCES"     6.539 KB       8 rows
. . exported "CC_B2B_NPC_MEG"."ALERTSTRIGGERSOURCEDEFS"  6.695 KB       8 rows
. . exported "CC_B2B_NPC_MEG"."EDIINTMESSAGESECURITY"    6.648 KB      10 rows
. . exported "CC_B2B_NPC_MEG"."LOGICALOPERATOROPERANDS"  6.640 KB      34 rows
. . exported "CC_B2B_NPC_MEG"."B2BICLIENTSETTINGS"       6.484 KB       1 rows
. . exported "CC_B2B_NPC_MEG"."INLINEPROCESSORLISTS"     6.632 KB      86 rows
. . exported "CC_B2B_NPC_MEG"."COMMUNITYEMAILACTIONS"    6.320 KB       8 rows
. . exported "CC_B2B_NPC_MEG"."TE2TXCONFIGEVENTTYPES"    6.234 KB      15 rows
. . exported "CC_B2B_NPC_MEG"."DOCSERVICEOUTPUTSTEPSPOSTTRANS"  6.281 KB      10 rows
. . exported "CC_B2B_NPC_MEG"."ALERTSTRIGGERTRIGGERSRCDEFS"  6.218 KB       8 rows
. . exported "CC_B2B_NPC_MEG"."B2BIMAPCONTAINERCONTENTS"  6.203 KB       8 rows
. . exported "CC_B2B_NPC_MEG"."ALERTSTRIGGERS"           6.117 KB       8 rows
. . exported "CC_B2B_NPC_MEG"."PGPKEYRINGS"              6.023 KB       1 rows
. . exported "CC_B2B_NPC_MEG"."OFTP"                     6.070 KB       4 rows
. . exported "CC_B2B_NPC_MEG"."SELECTEDSSLPROTOCOLS"     6.062 KB       2 rows
. . exported "CC_B2B_NPC_MEG"."RESTARTINFOS"                 0 KB       0 rows
. . exported "CC_B2B_NPC_MEG"."RMSEQUENCE"                   0 KB       0 rows
. . exported "CC_B2B_NPC_MEG"."ROSETTANETMESSAGESECURITY"  6.070 KB       2 rows
. . exported "CC_B2B_NPC_MEG"."SAMLATTRIBUTEDEFINITIONS"      0 KB       0 rows
. . exported "CC_B2B_NPC_MEG"."SAMLROLEMAPPINGS"             0 KB       0 rows
. . exported "CC_B2B_NPC_MEG"."SAMLSSOCONFIGURATION"         0 KB       0 rows
. . exported "CC_B2B_NPC_MEG"."SAMLUSERATTRIBUTEDEFINITIONS"      0 KB       0 rows
. . exported "CC_B2B_NPC_MEG"."SECDETAILSTRUSTANCHORS"       0 KB       0 rows
. . exported "CC_B2B_NPC_MEG"."SECURITYALGORITHMS"           0 KB       0 rows
. . exported "CC_B2B_NPC_MEG"."SECURITYDETAILS"              0 KB       0 rows
. . exported "CC_B2B_NPC_MEG"."SELECTEDCIPHERSUITES"         0 KB       0 rows
. . exported "CC_B2B_NPC_MEG"."SELECTEDHMACALGORITHMS"       0 KB       0 rows
. . exported "CC_B2B_NPC_MEG"."MESSAGINGIDEXTENSIONS"    6.101 KB       2 rows
. . exported "CC_B2B_NPC_MEG"."SELECTEDSSHCIPHERS"           0 KB       0 rows
. . exported "CC_B2B_NPC_MEG"."SENTINELIDMAP"                0 KB       0 rows
. . exported "CC_B2B_NPC_MEG"."SEQUENCEIDS"                  0 KB       0 rows
. . exported "CC_B2B_NPC_MEG"."SEQUENCEMESSAGES"             0 KB       0 rows
. . exported "CC_B2B_NPC_MEG"."SERVERBINDADDRESSES"          0 KB       0 rows
. . exported "CC_B2B_NPC_MEG"."SERVERDEFINITIONS"            0 KB       0 rows
. . exported "CC_B2B_NPC_MEG"."SERVICEBINDINGS"              0 KB       0 rows
. . exported "CC_B2B_NPC_MEG"."SERVICELEVELAGREEMENTS"       0 KB       0 rows
. . exported "CC_B2B_NPC_MEG"."SFTPEXCHANGEPOINTS"           0 KB       0 rows
. . exported "CC_B2B_NPC_MEG"."SFTPMETADATAHIERARCHY"        0 KB       0 rows
. . exported "CC_B2B_NPC_MEG"."OFTP2MESSAGESECURITY"     6.054 KB       2 rows
. . exported "CC_B2B_NPC_MEG"."SFTPSERVEREXCHANGEPOINTS"      0 KB       0 rows
. . exported "CC_B2B_NPC_MEG"."SFTPSERVERMETADATAHIERARCHY"      0 KB       0 rows
. . exported "CC_B2B_NPC_MEG"."SFTPSUBDIRECTORIES"           0 KB       0 rows
. . exported "CC_B2B_NPC_MEG"."SIMPLEPARTNAMESPACES"         0 KB       0 rows
. . exported "CC_B2B_NPC_MEG"."SMTPEXCHANGEPOINTS"           0 KB       0 rows
. . exported "CC_B2B_NPC_MEG"."SMTPSERVERCREDENTIALS"        0 KB       0 rows
. . exported "CC_B2B_NPC_MEG"."SMTPSERVEREXCHANGEPOINTS"      0 KB       0 rows
. . exported "CC_B2B_NPC_MEG"."SMTPSEXCHANGEPOINTS"          0 KB       0 rows
. . exported "CC_B2B_NPC_MEG"."SPONSOREDPARTIES"             0 KB       0 rows
. . exported "CC_B2B_NPC_MEG"."PARTYROUTINGIDS"          6.101 KB       2 rows
. . exported "CC_B2B_NPC_MEG"."SSHKEYS"                      0 KB       0 rows
. . exported "CC_B2B_NPC_MEG"."SSHSERVERSETTINGS"            0 KB       0 rows
. . exported "CC_B2B_NPC_MEG"."SSHUSERS"                     0 KB       0 rows
. . exported "CC_B2B_NPC_MEG"."SUBSYSTEMEXCHANGEPOINTS"      0 KB       0 rows
. . exported "CC_B2B_NPC_MEG"."SUBSYSTEMSETTINGS"            0 KB       0 rows
. . exported "CC_B2B_NPC_MEG"."SVCBINDINGCANRECEIVES"        0 KB       0 rows
. . exported "CC_B2B_NPC_MEG"."SVCBINDINGCANSENDS"           0 KB       0 rows
. . exported "CC_B2B_NPC_MEG"."ROSETTANET"               6.046 KB       2 rows
. . exported "CC_B2B_NPC_MEG"."EBXML"                    6.031 KB       2 rows
. . exported "CC_B2B_NPC_MEG"."EMAIL"                    6.085 KB       2 rows
. . exported "CC_B2B_NPC_MEG"."RESTAPISERVERPROPERTIES"  5.984 KB       1 rows
. . exported "CC_B2B_NPC_MEG"."EBICSMESSAGESECURITY"     6.054 KB       2 rows
. . exported "CC_B2B_NPC_MEG"."EMAILMESSAGESECURITY"     6.046 KB       2 rows
. . exported "CC_B2B_NPC_MEG"."MESSAGINGEXTENSIONS"      6.093 KB       1 rows
. . exported "CC_B2B_NPC_MEG"."B2BISERVERSETTINGS"       6.078 KB       1 rows
. . exported "CC_B2B_NPC_MEG"."FTPEXCHANGEPOINTS"            0 KB       0 rows
. . exported "CC_B2B_NPC_MEG"."FTPMETADATAHIERARCHY"         0 KB       0 rows
. . exported "CC_B2B_NPC_MEG"."FTPSERVEREXCHANGEPOINTS"      0 KB       0 rows
. . exported "CC_B2B_NPC_MEG"."FTPSERVERMETADATAHIERARCHY"      0 KB       0 rows
. . exported "CC_B2B_NPC_MEG"."FTPSERVERSETTINGS"            0 KB       0 rows
. . exported "CC_B2B_NPC_MEG"."FTPSEXCHANGEPOINTS"           0 KB       0 rows
. . exported "CC_B2B_NPC_MEG"."CXMLMESSAGESECURITY"      6.039 KB       1 rows
. . exported "CC_B2B_NPC_MEG"."FTPSUBDIRECTORIES"            0 KB       0 rows
. . exported "CC_B2B_NPC_MEG"."FTPUSERS"                     0 KB       0 rows
. . exported "CC_B2B_NPC_MEG"."GLOBALATTRIBUTES"             0 KB       0 rows
. . exported "CC_B2B_NPC_MEG"."GROUPINGAGREEMENTS"           0 KB       0 rows
. . exported "CC_B2B_NPC_MEG"."HL7AGREEMENT"                 0 KB       0 rows
. . exported "CC_B2B_NPC_MEG"."B2BIEXCHANGEPOINT"        6.062 KB      31 rows
. . exported "CC_B2B_NPC_MEG"."HL7DOCUMENTAGREEMENTS"        0 KB       0 rows
. . exported "CC_B2B_NPC_MEG"."HTTPEXCHANGEPOINTS"           0 KB       0 rows
. . exported "CC_B2B_NPC_MEG"."HTTPSERVEREXCHANGEPOINTS"      0 KB       0 rows
. . exported "CC_B2B_NPC_MEG"."HTTPSERVEREXCHANGEPOINTSUSERS"      0 KB       0 rows
. . exported "CC_B2B_NPC_MEG"."HTTPSEXCHANGEPOINTS"          0 KB       0 rows
. . exported "CC_B2B_NPC_MEG"."HTTPSSERVERSETTINGS"          0 KB       0 rows
. . exported "CC_B2B_NPC_MEG"."RESTRICTEDCIPHERSUITES"   5.882 KB       8 rows
. . exported "CC_B2B_NPC_MEG"."HTTPUSERS"                    0 KB       0 rows
. . exported "CC_B2B_NPC_MEG"."IDENTIFYPAYLOADACTIONSMETADATA"      0 KB       0 rows
. . exported "CC_B2B_NPC_MEG"."IDOCAGREEMENT"                0 KB       0 rows
. . exported "CC_B2B_NPC_MEG"."IDOCDOCUMENTAGREEMENTS"       0 KB       0 rows
. . exported "CC_B2B_NPC_MEG"."IDOCDOCUMENTPROFILES"         0 KB       0 rows
. . exported "CC_B2B_NPC_MEG"."COLLABORATIONNODES"       5.906 KB      23 rows
. . exported "CC_B2B_NPC_MEG"."INBOUNDSEQUENCE"              0 KB       0 rows
. . exported "CC_B2B_NPC_MEG"."INHOUSEAGREEMENT"             0 KB       0 rows
. . exported "CC_B2B_NPC_MEG"."INLINEPROCESSORS"             0 KB       0 rows
. . exported "CC_B2B_NPC_MEG"."INTEGRATIONDELIVERIES"        0 KB       0 rows
. . exported "CC_B2B_NPC_MEG"."INTEGRATORCONFIGPROPERTY"      0 KB       0 rows
. . exported "CC_B2B_NPC_MEG"."ALERTSTRIGGERSOURCEACTIONS"  5.843 KB      15 rows
. . exported "CC_B2B_NPC_MEG"."IPRANGEPARTYNAMES"            0 KB       0 rows
. . exported "CC_B2B_NPC_MEG"."IPRANGES"                     0 KB       0 rows
. . exported "CC_B2B_NPC_MEG"."ISDNNETWORKSETTINGS"          0 KB       0 rows
. . exported "CC_B2B_NPC_MEG"."RESTRICTEDSSHCIPHERS"     5.757 KB      10 rows
. . exported "CC_B2B_NPC_MEG"."RESTRICTEDHMACALGORITHMS"  5.695 KB       7 rows
. . exported "CC_B2B_NPC_MEG"."SYSTEMCONSTANTS"          5.554 KB       1 rows
. . exported "CC_B2B_NPC_MEG"."USERGROUPS"               5.656 KB       6 rows
. . exported "CC_B2B_NPC_MEG"."COUNTERS"                 5.570 KB       2 rows
. . exported "CC_B2B_NPC_MEG"."CERTIFICATEBAGS"          5.601 KB       2 rows
. . exported "CC_B2B_NPC_MEG"."MESSAGINGIDSXML"          5.554 KB       1 rows
. . exported "CC_B2B_NPC_MEG"."AUTHORIZATIONPARTIES"     5.625 KB       1 rows
. . exported "CC_B2B_NPC_MEG"."LOCALAUTHORIZEDPARTIES"   5.625 KB       1 rows
. . exported "CC_B2B_NPC_MEG"."SERVEREXCHANGEPOINTS"     5.609 KB       1 rows
. . exported "CC_B2B_NPC_MEG"."COUNTERSOID"              5.593 KB       1 rows
. . exported "CC_B2B_NPC_MEG"."ROSETTANET2_0MESSAGESECURITY"  5.625 KB       1 rows
. . exported "CC_B2B_NPC_MEG"."TE2TXINTEGRATIONFILTERLIST"  5.609 KB       1 rows
. . exported "CC_B2B_NPC_MEG"."REMOTEPARTIES"            5.125 KB       1 rows
. . exported "CC_B2B_NPC_MEG"."ABSTRACTATTRIBUTES"           0 KB       0 rows
. . exported "CC_B2B_NPC_MEG"."ABSTRACTCANACTIONS"           0 KB       0 rows
. . exported "CC_B2B_NPC_MEG"."ABSTRACTCOMPOSITELISTCHILD"      0 KB       0 rows
. . exported "CC_B2B_NPC_MEG"."ACTIONADDRESSMSGVIAEXPRESSION"      0 KB       0 rows
. . exported "CC_B2B_NPC_MEG"."ACTIONBINDINGDELIVERYCHANNELS"      0 KB       0 rows
. . exported "CC_B2B_NPC_MEG"."ACTIONCONTEXTS"               0 KB       0 rows
. . exported "CC_B2B_NPC_MEG"."ACTIONEXCEPTIONCATEGORYIDS"      0 KB       0 rows
. . exported "CC_B2B_NPC_MEG"."ACTIONEXCEPTIONEXCHANGEPOINTS"      0 KB       0 rows
. . exported "CC_B2B_NPC_MEG"."ACTIONEXCEPTIONPARTYIDS"      0 KB       0 rows
. . exported "CC_B2B_NPC_MEG"."ACTIONEXCEPTIONWSEXCHANGEPTS"      0 KB       0 rows
. . exported "CC_B2B_NPC_MEG"."ACTIONFILEFORMATTRANSFORMATION"      0 KB       0 rows
. . exported "CC_B2B_NPC_MEG"."ACTIONMETADATATEMPLATE"       0 KB       0 rows
. . exported "CC_B2B_NPC_MEG"."ACTIVEFTPDMZ"                 0 KB       0 rows
. . exported "CC_B2B_NPC_MEG"."THISPARTYACTIONBINDINGS"      0 KB       0 rows
. . exported "CC_B2B_NPC_MEG"."AGREEMENTATTRIBUTESLIST"      0 KB       0 rows
. . exported "CC_B2B_NPC_MEG"."TIMETOPERFORMINFOS"           0 KB       0 rows
. . exported "CC_B2B_NPC_MEG"."AGREEMENTINFOS"               0 KB       0 rows
. . exported "CC_B2B_NPC_MEG"."TRADACOMSAGREEMENT"           0 KB       0 rows
. . exported "CC_B2B_NPC_MEG"."AGREEMENTS"                   0 KB       0 rows
. . exported "CC_B2B_NPC_MEG"."TRADINGPROFILEBUSPROTOCOLS"      0 KB       0 rows
. . exported "CC_B2B_NPC_MEG"."AGREEMENTSTANDARDATTLIST"      0 KB       0 rows
. . exported "CC_B2B_NPC_MEG"."TRADINGPROFILES"              0 KB       0 rows
. . exported "CC_B2B_NPC_MEG"."AGREEMENTSTANDARDS"           0 KB       0 rows
. . exported "CC_B2B_NPC_MEG"."TRANSFORMXPATHS"              0 KB       0 rows
. . exported "CC_B2B_NPC_MEG"."TRANSPORTACCESSAUTHTOKENS"      0 KB       0 rows
. . exported "CC_B2B_NPC_MEG"."AGREEMENTUPDATEREQUESTS"      0 KB       0 rows
. . exported "CC_B2B_NPC_MEG"."TRANSPORTCLIENTSECURITY"      0 KB       0 rows
. . exported "CC_B2B_NPC_MEG"."AGREEMENTUPDATERESPONSES"      0 KB       0 rows
. . exported "CC_B2B_NPC_MEG"."TRANSPORTEVENTCONTENTS"       0 KB       0 rows
. . exported "CC_B2B_NPC_MEG"."AGREEMENTUPDATETRUSTREQUESTS"      0 KB       0 rows
. . exported "CC_B2B_NPC_MEG"."TRANSPORTRECEIVERENDPOINTS"      0 KB       0 rows
. . exported "CC_B2B_NPC_MEG"."AGREEMENTUPDATETRUSTRESPONSES"      0 KB       0 rows
. . exported "CC_B2B_NPC_MEG"."ISDNNETWORKSETTINGSCONTROLLERS"      0 KB       0 rows
. . exported "CC_B2B_NPC_MEG"."TRANSPORTSECENCALGS"          0 KB       0 rows
. . exported "CC_B2B_NPC_MEG"."KEYSTOREENTRIES"              0 KB       0 rows
. . exported "CC_B2B_NPC_MEG"."TRANSPORTSERVERSECURITY"      0 KB       0 rows
. . exported "CC_B2B_NPC_MEG"."ALERTS"                       0 KB       0 rows
. . exported "CC_B2B_NPC_MEG"."KEYSTOREMAPS"                 0 KB       0 rows
. . exported "CC_B2B_NPC_MEG"."TRANSPORTUSERHOMEDIRECTORIES"      0 KB       0 rows
. . exported "CC_B2B_NPC_MEG"."ALERTSACTIONENABLERACTIONS"      0 KB       0 rows
. . exported "CC_B2B_NPC_MEG"."ALERTSARITHMETICOPERATORS"      0 KB       0 rows
. . exported "CC_B2B_NPC_MEG"."TRANSPORTUSERSPASSWORDHISTORY"      0 KB       0 rows
. . exported "CC_B2B_NPC_MEG"."KEYSTORES"                    0 KB       0 rows
. . exported "CC_B2B_NPC_MEG"."ALERTSBINARYOPERATORS"        0 KB       0 rows
. . exported "CC_B2B_NPC_MEG"."TRUSTEDCERTENTRIES"           0 KB       0 rows
. . exported "CC_B2B_NPC_MEG"."LOCALBROKEREDPARTIES"         0 KB       0 rows
. . exported "CC_B2B_NPC_MEG"."ALERTSCOMPAREOPERATORS"       0 KB       0 rows
. . exported "CC_B2B_NPC_MEG"."TRUSTEDCERTS"                 0 KB       0 rows
. . exported "CC_B2B_NPC_MEG"."ALERTSCUSTOMACTIONS"          0 KB       0 rows
. . exported "CC_B2B_NPC_MEG"."VDAAGREEMENT"                 0 KB       0 rows
. . exported "CC_B2B_NPC_MEG"."LOCALPARTYMESSAGINGPROFILEIDS"      0 KB       0 rows
. . exported "CC_B2B_NPC_MEG"."ALERTSDATESOURCES"            0 KB       0 rows
. . exported "CC_B2B_NPC_MEG"."VIEWSTYLESHEETS"              0 KB       0 rows
. . exported "CC_B2B_NPC_MEG"."LOCALPENDINGPARTIES"          0 KB       0 rows
. . exported "CC_B2B_NPC_MEG"."LOCKEDOUTUSERS"               0 KB       0 rows
. . exported "CC_B2B_NPC_MEG"."ALERTSEMAILACTIONS"           0 KB       0 rows
. . exported "CC_B2B_NPC_MEG"."WEBDAVEXCHANGEPOINTS"         0 KB       0 rows
. . exported "CC_B2B_NPC_MEG"."MESSAGEEXPIRATIONACTIONS"      0 KB       0 rows
. . exported "CC_B2B_NPC_MEG"."ALERTSFILEWRITERACTIONS"      0 KB       0 rows
. . exported "CC_B2B_NPC_MEG"."MESSAGEHANDLERJOBS"           0 KB       0 rows
. . exported "CC_B2B_NPC_MEG"."WEBDAVSERVEREXCHANGEPOINTS"      0 KB       0 rows
. . exported "CC_B2B_NPC_MEG"."MESSAGEPURGEERRORS"           0 KB       0 rows
. . exported "CC_B2B_NPC_MEG"."ALERTSINPROCESSALERTS"        0 KB       0 rows
. . exported "CC_B2B_NPC_MEG"."MESSAGESECURITYCERTIFICATEIDS"      0 KB       0 rows
. . exported "CC_B2B_NPC_MEG"."WEBDAVSERVERMETADATAHIERARCHY"      0 KB       0 rows
. . exported "CC_B2B_NPC_MEG"."ALERTSINTERNALENABLERACTIONS"      0 KB       0 rows
. . exported "CC_B2B_NPC_MEG"."MESSAGINGEXTPREPROCSTEPS"      0 KB       0 rows
. . exported "CC_B2B_NPC_MEG"."WEBDAVSUBDIRECTORIES"         0 KB       0 rows
. . exported "CC_B2B_NPC_MEG"."ALERTSLOGICALOPERATOROPERANDS"      0 KB       0 rows
. . exported "CC_B2B_NPC_MEG"."MESSAGINGIDSEDIFACT"          0 KB       0 rows
. . exported "CC_B2B_NPC_MEG"."MESSAGINGIDSHL7"              0 KB       0 rows
. . exported "CC_B2B_NPC_MEG"."WEBDAVUSERS"                  0 KB       0 rows
. . exported "CC_B2B_NPC_MEG"."ALERTSLOGICALOPERATORS"       0 KB       0 rows
. . exported "CC_B2B_NPC_MEG"."MESSAGINGIDSIDOC"             0 KB       0 rows
. . exported "CC_B2B_NPC_MEG"."WEBSERVICESXPATHS"            0 KB       0 rows
. . exported "CC_B2B_NPC_MEG"."ALERTSSCHEDULESOURCES"        0 KB       0 rows
. . exported "CC_B2B_NPC_MEG"."MESSAGINGIDSINHOUSE"          0 KB       0 rows
. . exported "CC_B2B_NPC_MEG"."MESSAGINGIDSNACHA"            0 KB       0 rows
. . exported "CC_B2B_NPC_MEG"."ALERTSSOURCEDATA"             0 KB       0 rows
. . exported "CC_B2B_NPC_MEG"."WEBTRADERDOCUMENTS"           0 KB       0 rows
. . exported "CC_B2B_NPC_MEG"."MESSAGINGIDSTRADACOMS"        0 KB       0 rows
. . exported "CC_B2B_NPC_MEG"."ALERTSSOURCEDATAELEMENTS"      0 KB       0 rows
. . exported "CC_B2B_NPC_MEG"."MESSAGINGIDSVDA"              0 KB       0 rows
. . exported "CC_B2B_NPC_MEG"."WEBTRADERFOLDERS"             0 KB       0 rows
. . exported "CC_B2B_NPC_MEG"."ALERTSSOURCEDATAOPERANDS"      0 KB       0 rows
. . exported "CC_B2B_NPC_MEG"."MESSAGINGIDSX12"              0 KB       0 rows
. . exported "CC_B2B_NPC_MEG"."MESSAGINGPROFILEATTRIBUTES"      0 KB       0 rows
. . exported "CC_B2B_NPC_MEG"."ALERTSTASKACTIONS"            0 KB       0 rows
. . exported "CC_B2B_NPC_MEG"."WEBTRADERMETADATA"            0 KB       0 rows
. . exported "CC_B2B_NPC_MEG"."ALERTSTASKS"                  0 KB       0 rows
. . exported "CC_B2B_NPC_MEG"."WEBTRADERNOTIFICATIONS"       0 KB       0 rows
. . exported "CC_B2B_NPC_MEG"."ALERTSTIMELAPSESOURCES"       0 KB       0 rows
. . exported "CC_B2B_NPC_MEG"."WEBTRADERNOTIFICATIONVALUES"      0 KB       0 rows
. . exported "CC_B2B_NPC_MEG"."MESSAGINGPROFILEIDSEDIFACT"      0 KB       0 rows
. . exported "CC_B2B_NPC_MEG"."ALERTSTRANSFORMERFORMATTERS"      0 KB       0 rows
. . exported "CC_B2B_NPC_MEG"."WEBTRADERPARTIES"             0 KB       0 rows
. . exported "CC_B2B_NPC_MEG"."ALERTSUNARYOPERATORS"         0 KB       0 rows
. . exported "CC_B2B_NPC_MEG"."WEBTRADERPARTYUSERS"          0 KB       0 rows
. . exported "CC_B2B_NPC_MEG"."MESSAGINGPROFILEIDSIDOC"      0 KB       0 rows
. . exported "CC_B2B_NPC_MEG"."MESSAGINGPROFILEIDSINHOUSE"      0 KB       0 rows
. . exported "CC_B2B_NPC_MEG"."WSAUTHENTICATIONATTEMPTS"      0 KB       0 rows
. . exported "CC_B2B_NPC_MEG"."ALERTSVALUEOPERANDS"          0 KB       0 rows
. . exported "CC_B2B_NPC_MEG"."WSBPUSERS"                    0 KB       0 rows
. . exported "CC_B2B_NPC_MEG"."APIEXCHANGEPOINTS"            0 KB       0 rows
. . exported "CC_B2B_NPC_MEG"."MESSAGINGPROFILEIDSTRADACOMS"      0 KB       0 rows
. . exported "CC_B2B_NPC_MEG"."WSENCRYPTIDREFS"              0 KB       0 rows
. . exported "CC_B2B_NPC_MEG"."MESSAGINGPROFILEIDSVDA"       0 KB       0 rows
. . exported "CC_B2B_NPC_MEG"."APPCERTIFICATEREFS"           0 KB       0 rows
. . exported "CC_B2B_NPC_MEG"."WSMESSAGESECURITYWSBPUSERS"      0 KB       0 rows
. . exported "CC_B2B_NPC_MEG"."MESSAGINGPROFILEIDSX12"       0 KB       0 rows
. . exported "CC_B2B_NPC_MEG"."APPLICATIONCONNECTPARAMETERS"      0 KB       0 rows
. . exported "CC_B2B_NPC_MEG"."WSMTOMIDREFS"                 0 KB       0 rows
. . exported "CC_B2B_NPC_MEG"."MESSAGINGPROFILEIDSXML"       0 KB       0 rows
. . exported "CC_B2B_NPC_MEG"."MESSAGINGPROFILEOUTPUTS"      0 KB       0 rows
. . exported "CC_B2B_NPC_MEG"."ARCHIVECHILDMESSAGES"         0 KB       0 rows
. . exported "CC_B2B_NPC_MEG"."WSPERSISTABLEQNAME"           0 KB       0 rows
. . exported "CC_B2B_NPC_MEG"."MESSAGINGPROFILES"            0 KB       0 rows
. . exported "CC_B2B_NPC_MEG"."WSSIGNIDREFS"                 0 KB       0 rows
. . exported "CC_B2B_NPC_MEG"."ARCHIVECSOSORDEREDITHISTORY"      0 KB       0 rows
. . exported "CC_B2B_NPC_MEG"."MESSAGINGPROFILESEDIFACT"      0 KB       0 rows
. . exported "CC_B2B_NPC_MEG"."WSUSERNAMETOKENS"             0 KB       0 rows
. . exported "CC_B2B_NPC_MEG"."MESSAGINGPROFILESIDOC"        0 KB       0 rows
. . exported "CC_B2B_NPC_MEG"."MESSAGINGPROFILESINHOUSE"      0 KB       0 rows
. . exported "CC_B2B_NPC_MEG"."WSUSERPWDCRED"                0 KB       0 rows
. . exported "CC_B2B_NPC_MEG"."ARCHIVEMESSAGE"               0 KB       0 rows
. . exported "CC_B2B_NPC_MEG"."MESSAGINGPROFILESMECXML"      0 KB       0 rows
. . exported "CC_B2B_NPC_MEG"."MESSAGINGPROFILESTRADACOMS"      0 KB       0 rows
. . exported "CC_B2B_NPC_MEG"."X12AGREEMENT"                 0 KB       0 rows
. . exported "CC_B2B_NPC_MEG"."ARCHIVEMESSAGECUSTOMDATA"      0 KB       0 rows
. . exported "CC_B2B_NPC_MEG"."MESSAGINGPROFILESVDA"         0 KB       0 rows
. . exported "CC_B2B_NPC_MEG"."X12GROUPINGAGREEMENTS"        0 KB       0 rows
. . exported "CC_B2B_NPC_MEG"."ARCHIVEMESSAGEEVENT"          0 KB       0 rows
. . exported "CC_B2B_NPC_MEG"."X25NETWORKSETTINGS"           0 KB       0 rows
. . exported "CC_B2B_NPC_MEG"."MESSAGINGPROFILESX12"         0 KB       0 rows
. . exported "CC_B2B_NPC_MEG"."ARCHIVEMESSAGERESUBMITDATA"      0 KB       0 rows
. . exported "CC_B2B_NPC_MEG"."MESSAGINGPROFILESXML"         0 KB       0 rows
. . exported "CC_B2B_NPC_MEG"."X25NETWORKSETTINGSBRICKS"      0 KB       0 rows
. . exported "CC_B2B_NPC_MEG"."METADATAPROFILEOUTPUTATTRIB"      0 KB       0 rows
. . exported "CC_B2B_NPC_MEG"."ARCHIVEMESSAGESTATE"          0 KB       0 rows
. . exported "CC_B2B_NPC_MEG"."X400ADDRESS"                  0 KB       0 rows
. . exported "CC_B2B_NPC_MEG"."METADATATEMPLATEITEMS"        0 KB       0 rows
. . exported "CC_B2B_NPC_MEG"."AS4CERTIFICATESAGREEMENTS"      0 KB       0 rows
. . exported "CC_B2B_NPC_MEG"."X400EXCHANGEPOINTS"           0 KB       0 rows
. . exported "CC_B2B_NPC_MEG"."AS4HTTPEXCHANGEPOINTS"        0 KB       0 rows
. . exported "CC_B2B_NPC_MEG"."X400LOCALMTAS"                0 KB       0 rows
. . exported "CC_B2B_NPC_MEG"."METADATATEMPLATES"            0 KB       0 rows
. . exported "CC_B2B_NPC_MEG"."AS4HTTPSEXCHANGEPOINTS"       0 KB       0 rows
. . exported "CC_B2B_NPC_MEG"."X400LOGGINGS"                 0 KB       0 rows
. . exported "CC_B2B_NPC_MEG"."METADATAXPATHS"               0 KB       0 rows
. . exported "CC_B2B_NPC_MEG"."AS4POLLINGEXCHANGEPOINTS"      0 KB       0 rows
. . exported "CC_B2B_NPC_MEG"."X400MESSAGESTOREP7S"          0 KB       0 rows
. . exported "CC_B2B_NPC_MEG"."MLLPEXCHANGEPOINTS"           0 KB       0 rows
. . exported "CC_B2B_NPC_MEG"."ASYNCHRONOUSJMSEXCHANGEPOINTS"      0 KB       0 rows
. . exported "CC_B2B_NPC_MEG"."X400MESSAGESTORES"            0 KB       0 rows
. . exported "CC_B2B_NPC_MEG"."MLLPSERVERSETTINGS"           0 KB       0 rows
. . exported "CC_B2B_NPC_MEG"."ASYNCJMSQUEUEUTILSETTINGS"      0 KB       0 rows
. . exported "CC_B2B_NPC_MEG"."X400MESSAGETRANSFERAGENTS"      0 KB       0 rows
. . exported "CC_B2B_NPC_MEG"."MLLPTLSEXCHANGEPOINTS"        0 KB       0 rows
. . exported "CC_B2B_NPC_MEG"."MLLPTLSSERVERSETTINGS"        0 KB       0 rows
. . exported "CC_B2B_NPC_MEG"."AUTHENTICATIONATTEMPTS"       0 KB       0 rows
. . exported "CC_B2B_NPC_MEG"."X400MONTHLYMSP7SCHEDULES"      0 KB       0 rows
. . exported "CC_B2B_NPC_MEG"."MQSERIESEXCHANGEPOINTS"       0 KB       0 rows
. . exported "CC_B2B_NPC_MEG"."MQSERIESSSLEXCHANGEPOINTS"      0 KB       0 rows
. . exported "CC_B2B_NPC_MEG"."AUTHENTICATIONSERVICEPROVIDERS"      0 KB       0 rows
. . exported "CC_B2B_NPC_MEG"."X400MSP7SCHEDULES"            0 KB       0 rows
. . exported "CC_B2B_NPC_MEG"."MSHACTIONOVERRIDES"           0 KB       0 rows
. . exported "CC_B2B_NPC_MEG"."X400NETWORKADDRESS"           0 KB       0 rows
. . exported "CC_B2B_NPC_MEG"."B2BIPRODUCTIONINFO"           0 KB       0 rows
. . exported "CC_B2B_NPC_MEG"."MULTICLUSTERRESTARTINFO"      0 KB       0 rows
. . exported "CC_B2B_NPC_MEG"."X400OSITPS"                   0 KB       0 rows
. . exported "CC_B2B_NPC_MEG"."B2BISEQNOTIFYINFO"            0 KB       0 rows
. . exported "CC_B2B_NPC_MEG"."NACHAAGREEMENT"               0 KB       0 rows
. . exported "CC_B2B_NPC_MEG"."X400REMOTEMTAS"               0 KB       0 rows
. . exported "CC_B2B_NPC_MEG"."NACHADOCUMENTAGREEMENTS"      0 KB       0 rows
. . exported "CC_B2B_NPC_MEG"."NAMESPACESSUPPORTED"          0 KB       0 rows
. . exported "CC_B2B_NPC_MEG"."X400SUBSYSTEMEXCHANGEPOINTS"      0 KB       0 rows
. . exported "CC_B2B_NPC_MEG"."NESTEDCANRECEIVES"            0 KB       0 rows
. . exported "CC_B2B_NPC_MEG"."X400SUBSYSTEMSETTINGS"        0 KB       0 rows
. . exported "CC_B2B_NPC_MEG"."NESTEDCANSENDS"               0 KB       0 rows
. . exported "CC_B2B_NPC_MEG"."NETWORKSETTINGS"              0 KB       0 rows
. . exported "CC_B2B_NPC_MEG"."X400USERAGENTS"               0 KB       0 rows
. . exported "CC_B2B_NPC_MEG"."NONPROXYHOSTS"                0 KB       0 rows
. . exported "CC_B2B_NPC_MEG"."NONREPSIGNATUREALGS"          0 KB       0 rows
. . exported "CC_B2B_NPC_MEG"."OFTPEXCHANGEPOINTS"           0 KB       0 rows
. . exported "CC_B2B_NPC_MEG"."OFTPPOLLINGEXCHANGEPOINTS"      0 KB       0 rows
. . exported "CC_B2B_NPC_MEG"."X400WEEKLYMSP7SCHEDULES"      0 KB       0 rows
. . exported "CC_B2B_NPC_MEG"."OFTPSCXMATCHINGCERTS"         0 KB       0 rows
. . exported "CC_B2B_NPC_MEG"."RESUBMITDATA"             313.2 MB 5877793 rows
. . exported "CC_B2B_NPC_MEG"."X420USERAGENTS"               0 KB       0 rows
. . exported "CC_B2B_NPC_MEG"."OFTPSCXRECEIVEDREQUESTS"      0 KB       0 rows
. . exported "CC_B2B_NPC_MEG"."X435EXCHANGEPOINTS"           0 KB       0 rows
. . exported "CC_B2B_NPC_MEG"."OFTPSCXREQUESTS"              0 KB       0 rows
. . exported "CC_B2B_NPC_MEG"."OFTPSCXRESPONSES"             0 KB       0 rows
. . exported "CC_B2B_NPC_MEG"."X435USERAGENTS"               0 KB       0 rows
. . exported "CC_B2B_NPC_MEG"."OFTPSCXTRUSTREQUESTS"         0 KB       0 rows
. . exported "CC_B2B_NPC_MEG"."OFTPSCXTRUSTRESPONSES"        0 KB       0 rows
. . exported "CC_B2B_NPC_MEG"."XMLAGREEMENT"                 0 KB       0 rows
. . exported "CC_B2B_NPC_MEG"."OFTPSCXTSLS"                  0 KB       0 rows
. . exported "CC_B2B_NPC_MEG"."OFTPSCXTSLUSERS"              0 KB       0 rows
. . exported "CC_B2B_NPC_MEG"."XMLDSIGTRANSFORMS"            0 KB       0 rows
. . exported "CC_B2B_NPC_MEG"."OFTPSCXTSPS"                  0 KB       0 rows
. . exported "CC_B2B_NPC_MEG"."B2BITRANSFERREPORTINFO"       0 KB       0 rows
. . exported "CC_B2B_NPC_MEG"."B2BITRANSFERREPORTINFORN"      0 KB       0 rows
. . exported "CC_B2B_NPC_MEG"."BINARYCOLLABORATIONS"         0 KB       0 rows
. . exported "CC_B2B_NPC_MEG"."BIZPROTOCOLMETADATA"          0 KB       0 rows
. . exported "CC_B2B_NPC_MEG"."BIZTRANSCHARACTERISTICS"      0 KB       0 rows
. . exported "CC_B2B_NPC_MEG"."BRICK"                        0 KB       0 rows
. . exported "CC_B2B_NPC_MEG"."BRICKCONTROLLER"              0 KB       0 rows
. . exported "CC_B2B_NPC_MEG"."BROKEREDPARTIES"              0 KB       0 rows
. . exported "CC_B2B_NPC_MEG"."CERTEXCHCERTINSTALLINFOS"      0 KB       0 rows
. . exported "CC_B2B_NPC_MEG"."CERTEXCHCERTINSTALLSTATUS"      0 KB       0 rows
. . exported "CC_B2B_NPC_MEG"."CERTEXCHRECEIVEDREQUESTS"      0 KB       0 rows
. . exported "CC_B2B_NPC_MEG"."CERTEXCHREQUESTS"             0 KB       0 rows
. . exported "CC_B2B_NPC_MEG"."CERTEXCHRESPONSES"            0 KB       0 rows
. . exported "CC_B2B_NPC_MEG"."CERTEXCHSENTTRUSTREQRECIPMAPS"      0 KB       0 rows
. . exported "CC_B2B_NPC_MEG"."CERTEXCHSENTTRUSTREQRECIPS"      0 KB       0 rows
. . exported "CC_B2B_NPC_MEG"."CERTEXCHSENTTRUSTREQUESTS"      0 KB       0 rows
. . exported "CC_B2B_NPC_MEG"."CERTEXCHTRUSTREQSTATUSMAPS"      0 KB       0 rows
. . exported "CC_B2B_NPC_MEG"."CERTEXCHTRUSTREQUESTS"        0 KB       0 rows
. . exported "CC_B2B_NPC_MEG"."CERTEXCHTRUSTREQUESTSTATUS"      0 KB       0 rows
. . exported "CC_B2B_NPC_MEG"."CERTEXCHTRUSTRESPONSES"       0 KB       0 rows
. . exported "CC_B2B_NPC_MEG"."CERTIFICATEBAGITEMS"          0 KB       0 rows
. . exported "CC_B2B_NPC_MEG"."CERTIFICATEMETADATA"          0 KB       0 rows
. . exported "CC_B2B_NPC_MEG"."CERTPATHS"                    0 KB       0 rows
. . exported "CC_B2B_NPC_MEG"."CHILDMESSAGES"                0 KB       0 rows
. . exported "CC_B2B_NPC_MEG"."CMATTRIBUTEDEFS"              0 KB       0 rows
. . exported "CC_B2B_NPC_MEG"."CMDOCIDENTIFIERS"             0 KB       0 rows
. . exported "CC_B2B_NPC_MEG"."CMEDIDOCIDENTIFIERS"          0 KB       0 rows
. . exported "CC_B2B_NPC_MEG"."CNHTTPSERVERBINDADDRS"        0 KB       0 rows
. . exported "CC_B2B_NPC_MEG"."COLLABORATIONACTIVITIES"      0 KB       0 rows
. . exported "CC_B2B_NPC_MEG"."COLLABORATIONROLES"           0 KB       0 rows
. . exported "CC_B2B_NPC_MEG"."COMPOSITELISTCHILDREN"        0 KB       0 rows
. . exported "CC_B2B_NPC_MEG"."CONSTITUENTENCTRANSFORMS"      0 KB       0 rows
. . exported "CC_B2B_NPC_MEG"."CONSTITUENTSIGTRANSFORMS"      0 KB       0 rows
. . exported "CC_B2B_NPC_MEG"."CONSUMPTIONMETADATA"          0 KB       0 rows
Master table "SYS"."SYS_EXPORT_SCHEMA_01" successfully loaded/unloaded
******************************************************************************
Dump file set for SYS.SYS_EXPORT_SCHEMA_01 is:
  /oradump/B2B/EXP_CC_B2B_NPC_MEG_01.dmp
  /oradump/B2B/EXP_CC_B2B_NPC_MEG_02.dmp
  /oradump/B2B/EXP_CC_B2B_NPC_MEG_03.dmp
  /oradump/B2B/EXP_CC_B2B_NPC_MEG_04.dmp
Job "SYS"."SYS_EXPORT_SCHEMA_01" successfully completed at Sat Oct 8 15:54:49 2022 elapsed 0 00:02:30

oracle@HKLPDPS2B001:/oradump/NGO [POHK1CCD1]
>
oracle@HKLPDPS2B001:/oradump/NGO [POHK1CCD1]
>
