SQL Patching tool version 19.22.0.0.0 Production on Sun Apr 21 19:46:59 2024
Copyright (c) 2012, 2024, Oracle.  All rights reserved.

Log file for this invocation: /u01/app/oracle/local/cfgtoollogs/sqlpatch/sqlpatch_2499_2024_04_21_19_46_59/sqlpatch_invocation.log

Connecting to database...OK
Gathering database info...done

Note:  Datapatch will only apply or rollback SQL fixes for PDBs
       that are in an open state, no patches will be applied to closed PDBs.
       Please refer to Note: Datapatch: Database 12c Post Patch SQL Automation
       (Doc ID 1585822.1)

Bootstrapping registry and package to current versions...done
Determining current state...done

Current state of interim SQL patches:
Interim patch 29613245 (ORA-31684 ORA-39112 WITH FIX 28539085 AND VERSION=11.2):
  Binary registry: Not installed
  PDB CDB$ROOT: Rolled back successfully on 27-NOV-22 20.01.05.914117
  PDB PDB$SEED: Rolled back successfully on 27-NOV-22 20.01.13.071340
  PDB PDBP_API: Rolled back successfully on 27-NOV-22 20.01.19.771351
  PDB PDBP_HKJC: Rolled back successfully on 27-NOV-22 20.01.26.433035
Interim patch 29613245 (ORA-31684 ORA-39112 WITH FIX 28539085 AND VERSION=11.2):
  Binary registry: Not installed
  PDB CDB$ROOT: Rolled back successfully on 28-MAY-23 22.48.48.220119
  PDB PDB$SEED: Rolled back successfully on 28-MAY-23 22.48.52.774813
  PDB PDBP_API: Rolled back successfully on 28-MAY-23 22.48.57.256041
  PDB PDBP_HKJC: Rolled back successfully on 28-MAY-23 22.49.01.731601
Interim patch 29613245 (ORA-31684 ORA-39112 WITH FIX 28539085 AND VERSION=11.2):
  Binary registry: Not installed
  PDB CDB$ROOT: Rolled back successfully on 12-NOV-23 01.10.15.534182
  PDB PDB$SEED: Rolled back successfully on 12-NOV-23 01.10.20.247987
  PDB PDBP_API: Rolled back successfully on 12-NOV-23 01.10.24.947472
  PDB PDBP_HKJC: Rolled back successfully on 12-NOV-23 01.10.29.449221
Interim patch 29613245 (ORA-31684 ORA-39112 WITH FIX 28539085 AND VERSION=11.2):
  Binary registry: Not installed
  PDB CDB$ROOT: Applied successfully on 12-NOV-23 01.10.19.905794
  PDB PDB$SEED: Applied successfully on 12-NOV-23 01.10.24.621459
  PDB PDBP_API: Applied successfully on 12-NOV-23 01.10.29.117170
  PDB PDBP_HKJC: Applied successfully on 12-NOV-23 01.10.33.907195
Interim patch 29613245 (ORA-31684 ORA-39112 WITH FIX 28539085 AND VERSION=11.2):
  Binary registry: Installed
  PDB CDB$ROOT: Not installed
  PDB PDB$SEED: Not installed
  PDB PDBP_API: Not installed
  PDB PDBP_HKJC: Not installed
Interim patch 29774421 (OJVM RELEASE UPDATE: 19.4.0.0.190716 (29774421)):
  Binary registry: Not installed
  PDB CDB$ROOT: Not installed
  PDB PDB$SEED: Not installed
  PDB PDBP_API: Not installed
  PDB PDBP_HKJC: Not installed
Interim patch 30484981 (OJVM RELEASE UPDATE: 19.6.0.0.200114 (30484981)):
  Binary registry: Not installed
  PDB CDB$ROOT: Not installed
  PDB PDB$SEED: Not installed
  PDB PDBP_API: Not installed
  PDB PDBP_HKJC: Not installed
Interim patch 30805684 (OJVM RELEASE UPDATE: 19.7.0.0.200414 (30805684)):
  Binary registry: Not installed
  PDB CDB$ROOT: Rolled back successfully on 07-AUG-21 23.15.54.891638
  PDB PDB$SEED: Rolled back successfully on 07-AUG-21 23.15.54.976741
  PDB PDBP_API: Rolled back successfully on 07-AUG-21 23.15.55.087136
  PDB PDBP_HKJC: Rolled back successfully on 07-AUG-21 23.15.54.976741
Interim patch 32399816 (OJVM RELEASE UPDATE: 19.11.0.0.210420 (32399816)):
  Binary registry: Not installed
  PDB CDB$ROOT: Rolled back successfully on 15-JAN-22 21.15.16.175156
  PDB PDB$SEED: Rolled back successfully on 15-JAN-22 21.15.19.683423
  PDB PDBP_API: Rolled back successfully on 15-JAN-22 21.15.23.216299
  PDB PDBP_HKJC: Rolled back successfully on 15-JAN-22 21.15.26.743072
Interim patch 32924796 (FILTER ON AUTO_CAPTURE_PARSING_SCHEMA_NAME NOT WORKING AS EXPECTED):
  Binary registry: Not installed
  PDB CDB$ROOT: Rolled back successfully on 16-APR-22 19.04.55.356667
  PDB PDB$SEED: Rolled back successfully on 16-APR-22 19.04.58.081124
  PDB PDBP_API: Rolled back successfully on 16-APR-22 19.05.00.800330
  PDB PDBP_HKJC: Rolled back successfully on 16-APR-22 19.05.03.568754
Interim patch 32924796 (FILTER ON AUTO_CAPTURE_PARSING_SCHEMA_NAME NOT WORKING AS EXPECTED):
  Binary registry: Not installed
  PDB CDB$ROOT: Rolled back successfully on 27-NOV-22 20.01.05.937591
  PDB PDB$SEED: Rolled back successfully on 27-NOV-22 20.01.13.092780
  PDB PDBP_API: Rolled back successfully on 27-NOV-22 20.01.19.791802
  PDB PDBP_HKJC: Rolled back successfully on 27-NOV-22 20.01.26.453669
Interim patch 33192694 (OJVM RELEASE UPDATE: 19.13.0.0.211019 (33192694)):
  Binary registry: Not installed
  PDB CDB$ROOT: Rolled back successfully on 16-APR-22 19.04.55.336593
  PDB PDB$SEED: Rolled back successfully on 16-APR-22 19.04.58.057788
  PDB PDBP_API: Rolled back successfully on 16-APR-22 19.05.00.771769
  PDB PDBP_HKJC: Rolled back successfully on 16-APR-22 19.05.03.545476
Interim patch 33561310 (OJVM RELEASE UPDATE: 19.14.0.0.220118 (33561310)):
  Binary registry: Not installed
  PDB CDB$ROOT: Rolled back successfully on 27-NOV-22 20.01.04.437904
  PDB PDB$SEED: Rolled back successfully on 27-NOV-22 20.01.11.385765
  PDB PDBP_API: Rolled back successfully on 27-NOV-22 20.01.18.301721
  PDB PDBP_HKJC: Rolled back successfully on 27-NOV-22 20.01.24.965966
Interim patch 34086870 (OJVM RELEASE UPDATE: 19.16.0.0.220719 (34086870)):
  Binary registry: Not installed
  PDB CDB$ROOT: Rolled back successfully on 28-MAY-23 22.48.48.216074
  PDB PDB$SEED: Rolled back successfully on 28-MAY-23 22.48.52.766866
  PDB PDBP_API: Rolled back successfully on 28-MAY-23 22.48.57.249215
  PDB PDBP_HKJC: Rolled back successfully on 28-MAY-23 22.49.01.724634
Interim patch 34774667 (TT23.1ASAN  GLOBAL-BUFFER-OVERFLOW IN PGA AT KWQALOCKQTWITHINFO):
  Binary registry: Installed
  PDB CDB$ROOT: Not installed
  PDB PDB$SEED: Not installed
  PDB PDBP_API: Not installed
  PDB PDBP_HKJC: Not installed
Interim patch 34786990 (OJVM RELEASE UPDATE: 19.18.0.0.230117 (34786990)):
  Binary registry: Not installed
  PDB CDB$ROOT: Rolled back successfully on 12-NOV-23 01.10.15.529204
  PDB PDB$SEED: Rolled back successfully on 12-NOV-23 01.10.20.240899
  PDB PDBP_API: Rolled back successfully on 12-NOV-23 01.10.24.939328
  PDB PDBP_HKJC: Rolled back successfully on 12-NOV-23 01.10.29.441423
Interim patch 35354406 (OJVM RELEASE UPDATE: 19.20.0.0.230718 (35354406)):
  Binary registry: Not installed
  PDB CDB$ROOT: Applied successfully on 12-NOV-23 01.10.18.432656
  PDB PDB$SEED: Applied successfully on 12-NOV-23 01.10.23.157527
  PDB PDBP_API: Applied successfully on 12-NOV-23 01.10.27.661876
  PDB PDBP_HKJC: Applied successfully on 12-NOV-23 01.10.32.426985
Interim patch 35700333 (MERGE ON DATABASE RU 19.20.0.0.0 OF 26749785 32781163):
  Binary registry: Not installed
  PDB CDB$ROOT: Applied successfully on 12-NOV-23 01.10.20.183540
  PDB PDB$SEED: Applied successfully on 12-NOV-23 01.10.24.885607
  PDB PDBP_API: Applied successfully on 12-NOV-23 01.10.29.380595
  PDB PDBP_HKJC: Applied successfully on 12-NOV-23 01.10.34.174103
Interim patch 35926646 (OJVM RELEASE UPDATE: 19.22.0.0.240116 (35926646)):
  Binary registry: Installed
  PDB CDB$ROOT: Not installed
  PDB PDB$SEED: Not installed
  PDB PDBP_API: Not installed
  PDB PDBP_HKJC: Not installed
Interim patch 36131202 (MERGE ON DATABASE RU 19.22.0.0.0 OF 35857781):
  Binary registry: Installed
  PDB CDB$ROOT: Not installed
  PDB PDB$SEED: Not installed
  PDB PDBP_API: Not installed
  PDB PDBP_HKJC: Not installed

Current state of release update SQL patches:
  Binary registry:
    19.22.0.0.0 Release_Update 240104023954: Installed
  PDB CDB$ROOT:
    Applied 19.20.0.0.0 Release_Update 230715022800 successfully on 12-NOV-23 01.10.18.426694
  PDB PDB$SEED:
    Applied 19.20.0.0.0 Release_Update 230715022800 successfully on 12-NOV-23 01.10.23.151973
  PDB PDBP_API:
    Applied 19.20.0.0.0 Release_Update 230715022800 successfully on 12-NOV-23 01.10.27.655526
  PDB PDBP_HKJC:
    Applied 19.20.0.0.0 Release_Update 230715022800 successfully on 12-NOV-23 01.10.32.420994

Adding patches to installation queue and performing prereq checks...done
Installation queue:
  For the following PDBs: CDB$ROOT PDB$SEED PDBP_API PDBP_HKJC
    The following interim patches will be rolled back:
      35354406 (OJVM RELEASE UPDATE: 19.20.0.0.230718 (35354406))
      29613245 (ORA-31684 ORA-39112 WITH FIX 28539085 AND VERSION=11.2)
      35700333 (MERGE ON DATABASE RU 19.20.0.0.0 OF 26749785 32781163)
    Patch 35943157 (Database Release Update : 19.22.0.0.240116 (35943157)):
      Apply from 19.20.0.0.0 Release_Update 230715022800 to 19.22.0.0.0 Release_Update 240104023954
    The following interim patches will be applied:
      35926646 (OJVM RELEASE UPDATE: 19.22.0.0.240116 (35926646))
      29613245 (ORA-31684 ORA-39112 WITH FIX 28539085 AND VERSION=11.2)
      34774667 (TT23.1ASAN  GLOBAL-BUFFER-OVERFLOW IN PGA AT KWQALOCKQTWITHINFO)
      36131202 (MERGE ON DATABASE RU 19.22.0.0.0 OF 35857781)

Installing patches...
Patch installation complete.  Total patches installed: 32

Validating logfiles...done
Patch 35354406 rollback (pdb CDB$ROOT): SUCCESS
  logfile: /u01/app/oracle/local/cfgtoollogs/sqlpatch/35354406/25255010/35354406_rollback_POHK1API_CDBROOT_2024Apr21_19_49_00.log (no errors)
Patch 29613245 rollback (pdb CDB$ROOT): SUCCESS
  logfile: /u01/app/oracle/local/cfgtoollogs/sqlpatch/29613245/25306573/29613245_rollback_POHK1API_CDBROOT_2024Apr21_19_50_13.log (no errors)
Patch 35700333 rollback (pdb CDB$ROOT): SUCCESS
  logfile: /u01/app/oracle/local/cfgtoollogs/sqlpatch/35700333/25349416/35700333_rollback_POHK1API_CDBROOT_2024Apr21_19_50_13.log (no errors)
Patch 35943157 apply (pdb CDB$ROOT): SUCCESS
  logfile: /u01/app/oracle/local/cfgtoollogs/sqlpatch/35943157/25527362/35943157_apply_POHK1API_CDBROOT_2024Apr21_19_50_15.log (no errors)
Patch 35926646 apply (pdb CDB$ROOT): SUCCESS
  logfile: /u01/app/oracle/local/cfgtoollogs/sqlpatch/35926646/25513953/35926646_apply_POHK1API_CDBROOT_2024Apr21_19_50_13.log (no errors)
Patch 29613245 apply (pdb CDB$ROOT): SUCCESS
  logfile: /u01/app/oracle/local/cfgtoollogs/sqlpatch/29613245/25448109/29613245_apply_POHK1API_CDBROOT_2024Apr21_19_51_19.log (no errors)
Patch 34774667 apply (pdb CDB$ROOT): SUCCESS
  logfile: /u01/app/oracle/local/cfgtoollogs/sqlpatch/34774667/25445264/34774667_apply_POHK1API_CDBROOT_2024Apr21_19_58_51.log (no errors)
Patch 36131202 apply (pdb CDB$ROOT): SUCCESS
  logfile: /u01/app/oracle/local/cfgtoollogs/sqlpatch/36131202/25503334/36131202_apply_POHK1API_CDBROOT_2024Apr21_19_58_53.log (no errors)
Patch 35354406 rollback (pdb PDB$SEED): SUCCESS
  logfile: /u01/app/oracle/local/cfgtoollogs/sqlpatch/35354406/25255010/35354406_rollback_POHK1API_PDBSEED_2024Apr21_19_59_31.log (no errors)
Patch 29613245 rollback (pdb PDB$SEED): SUCCESS
  logfile: /u01/app/oracle/local/cfgtoollogs/sqlpatch/29613245/25306573/29613245_rollback_POHK1API_PDBSEED_2024Apr21_19_59_51.log (no errors)
Patch 35700333 rollback (pdb PDB$SEED): SUCCESS
  logfile: /u01/app/oracle/local/cfgtoollogs/sqlpatch/35700333/25349416/35700333_rollback_POHK1API_PDBSEED_2024Apr21_19_59_51.log (no errors)
Patch 35943157 apply (pdb PDB$SEED): SUCCESS
  logfile: /u01/app/oracle/local/cfgtoollogs/sqlpatch/35943157/25527362/35943157_apply_POHK1API_PDBSEED_2024Apr21_19_59_53.log (no errors)
Patch 35926646 apply (pdb PDB$SEED): SUCCESS
  logfile: /u01/app/oracle/local/cfgtoollogs/sqlpatch/35926646/25513953/35926646_apply_POHK1API_PDBSEED_2024Apr21_19_59_51.log (no errors)
Patch 29613245 apply (pdb PDB$SEED): SUCCESS
  logfile: /u01/app/oracle/local/cfgtoollogs/sqlpatch/29613245/25448109/29613245_apply_POHK1API_PDBSEED_2024Apr21_20_00_44.log (no errors)
Patch 34774667 apply (pdb PDB$SEED): SUCCESS
  logfile: /u01/app/oracle/local/cfgtoollogs/sqlpatch/34774667/25445264/34774667_apply_POHK1API_PDBSEED_2024Apr21_20_13_20.log (no errors)
Patch 36131202 apply (pdb PDB$SEED): SUCCESS
  logfile: /u01/app/oracle/local/cfgtoollogs/sqlpatch/36131202/25503334/36131202_apply_POHK1API_PDBSEED_2024Apr21_20_13_20.log (no errors)
Patch 35354406 rollback (pdb PDBP_API): SUCCESS
  logfile: /u01/app/oracle/local/cfgtoollogs/sqlpatch/35354406/25255010/35354406_rollback_POHK1API_PDBP_API_2024Apr21_19_59_31.log (no errors)
Patch 29613245 rollback (pdb PDBP_API): SUCCESS
  logfile: /u01/app/oracle/local/cfgtoollogs/sqlpatch/29613245/25306573/29613245_rollback_POHK1API_PDBP_API_2024Apr21_19_59_50.log (no errors)
Patch 35700333 rollback (pdb PDBP_API): SUCCESS
  logfile: /u01/app/oracle/local/cfgtoollogs/sqlpatch/35700333/25349416/35700333_rollback_POHK1API_PDBP_API_2024Apr21_19_59_51.log (no errors)
Patch 35943157 apply (pdb PDBP_API): SUCCESS
  logfile: /u01/app/oracle/local/cfgtoollogs/sqlpatch/35943157/25527362/35943157_apply_POHK1API_PDBP_API_2024Apr21_19_59_52.log (no errors)
Patch 35926646 apply (pdb PDBP_API): SUCCESS
  logfile: /u01/app/oracle/local/cfgtoollogs/sqlpatch/35926646/25513953/35926646_apply_POHK1API_PDBP_API_2024Apr21_19_59_50.log (no errors)
Patch 29613245 apply (pdb PDBP_API): SUCCESS
  logfile: /u01/app/oracle/local/cfgtoollogs/sqlpatch/29613245/25448109/29613245_apply_POHK1API_PDBP_API_2024Apr21_20_00_35.log (no errors)
Patch 34774667 apply (pdb PDBP_API): SUCCESS
  logfile: /u01/app/oracle/local/cfgtoollogs/sqlpatch/34774667/25445264/34774667_apply_POHK1API_PDBP_API_2024Apr21_20_09_27.log (no errors)
Patch 36131202 apply (pdb PDBP_API): SUCCESS
  logfile: /u01/app/oracle/local/cfgtoollogs/sqlpatch/36131202/25503334/36131202_apply_POHK1API_PDBP_API_2024Apr21_20_09_27.log (no errors)
Patch 35354406 rollback (pdb PDBP_HKJC): SUCCESS
  logfile: /u01/app/oracle/local/cfgtoollogs/sqlpatch/35354406/25255010/35354406_rollback_POHK1API_PDBP_HKJC_2024Apr21_19_59_31.log (no errors)
Patch 29613245 rollback (pdb PDBP_HKJC): SUCCESS
  logfile: /u01/app/oracle/local/cfgtoollogs/sqlpatch/29613245/25306573/29613245_rollback_POHK1API_PDBP_HKJC_2024Apr21_19_59_50.log (no errors)
Patch 35700333 rollback (pdb PDBP_HKJC): SUCCESS
  logfile: /u01/app/oracle/local/cfgtoollogs/sqlpatch/35700333/25349416/35700333_rollback_POHK1API_PDBP_HKJC_2024Apr21_19_59_51.log (no errors)
Patch 35943157 apply (pdb PDBP_HKJC): SUCCESS
  logfile: /u01/app/oracle/local/cfgtoollogs/sqlpatch/35943157/25527362/35943157_apply_POHK1API_PDBP_HKJC_2024Apr21_19_59_52.log (no errors)
Patch 35926646 apply (pdb PDBP_HKJC): SUCCESS
  logfile: /u01/app/oracle/local/cfgtoollogs/sqlpatch/35926646/25513953/35926646_apply_POHK1API_PDBP_HKJC_2024Apr21_19_59_50.log (no errors)
Patch 29613245 apply (pdb PDBP_HKJC): SUCCESS
  logfile: /u01/app/oracle/local/cfgtoollogs/sqlpatch/29613245/25448109/29613245_apply_POHK1API_PDBP_HKJC_2024Apr21_20_00_35.log (no errors)
Patch 34774667 apply (pdb PDBP_HKJC): SUCCESS
  logfile: /u01/app/oracle/local/cfgtoollogs/sqlpatch/34774667/25445264/34774667_apply_POHK1API_PDBP_HKJC_2024Apr21_20_09_22.log (no errors)
Patch 36131202 apply (pdb PDBP_HKJC): SUCCESS
  logfile: /u01/app/oracle/local/cfgtoollogs/sqlpatch/36131202/25503334/36131202_apply_POHK1API_PDBP_HKJC_2024Apr21_20_09_22.log (no errors)
SQL Patching tool complete on Sun Apr 21 20:14:29 2024
